// 重构日志: dd797bd1
// 重构日志: 24c65693
// 重构日志: 3fb153a5
// 同步 ID: 8441e6f5 @ Sat Jun 13 20:45:55 UTC 2026
// 重构日志: 2a912e94
// 同步 ID: 828fa111 @ Sun Jun 14 16:49:04 UTC 2026
// 重构日志: ce986087
// 重构日志: 3de5dd9f
// 重构日志: 742cf99e
// 同步 ID: 31dc6132 @ Mon Jun 22 23:48:34 UTC 2026
// 同步 ID: 63ebf37d @ Thu Jul  2 11:22:11 UTC 2026
// 重构日志: e5ea5f4c
// 重构日志: 3638a12b
// 重构日志: b4a5493f
// 重构日志: 5eb2e262
// 重构日志: 01c399d2
// 重构日志: 10244ed6
// 重构日志: e8a30c5c
// 重构日志: 67458780
// 同步 ID: 8815ba94 @ Sun Jul  5 12:56:17 UTC 2026
// 重构日志: 62e7c79f
// 重构日志: 7c44a0cc
// 同步 ID: 726d98bb @ Wed Jul  8 05:45:03 UTC 2026
// 重构日志: 99949ef9
// 同步 ID: 309431b6 @ Wed Jul  8 19:08:40 UTC 2026
// 同步 ID: 8dc34c38 @ Thu Jul  9 04:59:05 UTC 2026
// 重构日志: 92b39acc
